0 info it worked if it ends with ok
1 verbose cli [ '/home/jonatasleon/.nvm/versions/node/v6.10.2/bin/node',
1 verbose cli   '/home/jonatasleon/.nvm/versions/node/v6.10.2/bin/npm',
1 verbose cli   'run',
1 verbose cli   'test-integration' ]
2 info using npm@3.10.10
3 info using node@v6.10.2
4 verbose run-script [ 'pretest-integration',
4 verbose run-script   'test-integration',
4 verbose run-script   'posttest-integration' ]
5 info lifecycle neo4j-tutorial@0.0.0~pretest-integration: neo4j-tutorial@0.0.0
6 silly lifecycle neo4j-tutorial@0.0.0~pretest-integration: no script for pretest-integration, continuing
7 info lifecycle neo4j-tutorial@0.0.0~test-integration: neo4j-tutorial@0.0.0
8 verbose lifecycle neo4j-tutorial@0.0.0~test-integration: unsafe-perm in lifecycle true
9 verbose lifecycle neo4j-tutorial@0.0.0~test-integration: PATH: /home/jonatasleon/.nvm/versions/node/v6.10.2/lib/node_modules/npm/bin/node-gyp-bin:/home/jonatasleon/Workspace/neo4j-tutorial/node_modules/.bin:/home/jonatasleon/.nvm/versions/node/v6.10.2/bin:/home/jonatasleon/.sdkman/candidates/groovy/current/bin:/home/jonatasleon/.npm-global/bin:/usr/local/sbin:/usr/local/bin:/usr/sbin:/usr/bin:/sbin:/bin:/usr/games:/usr/local/games
10 verbose lifecycle neo4j-tutorial@0.0.0~test-integration: CWD: /home/jonatasleon/Workspace/neo4j-tutorial
11 silly lifecycle neo4j-tutorial@0.0.0~test-integration: Args: [ '-c',
11 silly lifecycle   'NODE_ENV=test mocha --opts tests/integration/mocha.opts tests/integration/**/*.js' ]
12 silly lifecycle neo4j-tutorial@0.0.0~test-integration: Returned: code: 1  signal: null
13 info lifecycle neo4j-tutorial@0.0.0~test-integration: Failed to exec test-integration script
14 verbose stack Error: neo4j-tutorial@0.0.0 test-integration: `NODE_ENV=test mocha --opts tests/integration/mocha.opts tests/integration/**/*.js`
14 verbose stack Exit status 1
14 verbose stack     at EventEmitter.<anonymous> (/home/jonatasleon/.nvm/versions/node/v6.10.2/lib/node_modules/npm/lib/utils/lifecycle.js:255:16)
14 verbose stack     at emitTwo (events.js:106:13)
14 verbose stack     at EventEmitter.emit (events.js:191:7)
14 verbose stack     at ChildProcess.<anonymous> (/home/jonatasleon/.nvm/versions/node/v6.10.2/lib/node_modules/npm/lib/utils/spawn.js:40:14)
14 verbose stack     at emitTwo (events.js:106:13)
14 verbose stack     at ChildProcess.emit (events.js:191:7)
14 verbose stack     at maybeClose (internal/child_process.js:886:16)
14 verbose stack     at Process.ChildProcess._handle.onexit (internal/child_process.js:226:5)
15 verbose pkgid neo4j-tutorial@0.0.0
16 verbose cwd /home/jonatasleon/Workspace/neo4j-tutorial
17 error Linux 3.13.0-117-generic
18 error argv "/home/jonatasleon/.nvm/versions/node/v6.10.2/bin/node" "/home/jonatasleon/.nvm/versions/node/v6.10.2/bin/npm" "run" "test-integration"
19 error node v6.10.2
20 error npm  v3.10.10
21 error code ELIFECYCLE
22 error neo4j-tutorial@0.0.0 test-integration: `NODE_ENV=test mocha --opts tests/integration/mocha.opts tests/integration/**/*.js`
22 error Exit status 1
23 error Failed at the neo4j-tutorial@0.0.0 test-integration script 'NODE_ENV=test mocha --opts tests/integration/mocha.opts tests/integration/**/*.js'.
23 error Make sure you have the latest version of node.js and npm installed.
23 error If you do, this is most likely a problem with the neo4j-tutorial package,
23 error not with npm itself.
23 error Tell the author that this fails on your system:
23 error     NODE_ENV=test mocha --opts tests/integration/mocha.opts tests/integration/**/*.js
23 error You can get information on how to open an issue for this project with:
23 error     npm bugs neo4j-tutorial
23 error Or if that isn't available, you can get their info via:
23 error     npm owner ls neo4j-tutorial
23 error There is likely additional logging output above.
24 verbose exit [ 1, true ]
